#
# A fatal error has been detected by the Java Runtime Environment:
#
#  SIGSEGV (0xb) at pc=0x0000000000000000, pid=64349, tid=1799
#
# JRE version: 7.0_17-b02
# Java VM: Java HotSpot(TM) 64-Bit Server VM (23.7-b01 mixed mode bsd-amd64 compressed oops)
# Problematic frame:
# C  0x0000000000000000
#
# Failed to write core dump. Core dumps have been disabled. To enable core dumping, try "ulimit -c unlimited" before starting Java again
#
# If you would like to submit a bug report, please visit:
#   http://bugreport.sun.com/bugreport/crash.jsp
# The crash happened outside the Java Virtual Machine in native code.
# See problematic frame for where to report the bug.
#

---------------  T H R E A D  ---------------

Current thread (0x00007fdad315f800):  JavaThread "JavaFX Application Thread" [_thread_in_native, id=1799, stack(0x00007fff5c4e8000,0x00007fff5cce8000)]

siginfo:si_signo=SIGSEGV: si_errno=0, si_code=1 (SEGV_MAPERR), si_addr=0x0000000000000000

Registers:
RAX=0x00007fdad282fd90, RBX=0x00000000ffffff00, RCX=0x00007fff73bd1e01, RDX=0x00007fdad282fd98
RSP=0x00007fff5cce03d8, RBP=0x00007fff5cce0400, RSI=0x00007fff87abfc7e, RDI=0x00007fff5cce0400
R8 =0x00007fff744bb580, R9 =0x00007fff5cce008c, R10=0x00007fdad282fda0, R11=0x00007fff5cce02a4
R12=0x00007fdad627eb00, R13=0x00007fdad972a880, R14=0x00007fff5cce0548, R15=0x00007fff5cce0588
RIP=0x0000000000000000, EFLAGS=0x0000000000010246, ERR=0x0000000000000014
  TRAPNO=0x000000000000000e

Top of Stack: (sp=0x00007fff5cce03d8)
0x00007fff5cce03d8:   00007fff8e9a47ee 00007fff5cce0548
0x00007fff5cce03e8:   00007fdad282fd90 00007fff5cce0400
0x00007fff5cce03f8:   00000000ffffff00 00007fff5cce0530
0x00007fff5cce0408:   00007fff8e9a4a27 00007fdad627eb10
0x00007fff5cce0418:   00007fdad972a880 00007fff5cce0588
0x00007fff5cce0428:   00007fdad62515f0 00007fff5cce0500
0x00007fff5cce0438:   00007fff882222fc 00007fff5cce0480
0x00007fff5cce0448:   0000000000012068 0000000000000000
0x00007fff5cce0458:   00007fff73bd42b0 0000000000000003
0x00007fff5cce0468:   00007fff73bd42b0 00007fff5cce0500
0x00007fff5cce0478:   00007fff8abe68bf 0000000000000000
0x00007fff5cce0488:   00007fff8abe7222 0000000000000007
0x00007fff5cce0498:   00007fdad282fd90 00007fdad627eb10
0x00007fff5cce04a8:   00007fdad972a880 00007fff5cce0548
0x00007fff5cce04b8:   00007fdad62515f0 00007fff7448fb20
0x00007fff5cce04c8:   00007fff74493ba0 00007fff7448fb00
0x00007fff5cce04d8:   00007fff74493ba0 00007fff5cce0530
0x00007fff5cce04e8:   00007fff8e8b707a 00007fff7448fb60
0x00007fff5cce04f8:   00007fdad62515f0 00007fff5cce0530
0x00007fff5cce0508:   00007fff88222240 00007fdad627eb10
0x00007fff5cce0518:   00007fdad972a880 00007fff5cce0588
0x00007fff5cce0528:   00007fdad62515f0 00007fff5cce0560
0x00007fff5cce0538:   00007fff8e9a514d 00007fdad627eb10
0x00007fff5cce0548:   00007fdad282fd90 00007fdad6645860
0x00007fff5cce0558:   0000000000000000 00007fff5cce05b0
0x00007fff5cce0568:   00007fff8e9a554f 0000000000000000
0x00007fff5cce0578:   00007fff74485860 0000000000000000
0x00007fff5cce0588:   00007fdad66659f0 00007fdad62e4480
0x00007fff5cce0598:   0000000000000102 0000000000000000
0x00007fff5cce05a8:   00007fdad62515f0 00007fff5cce0690
0x00007fff5cce05b8:   00007fff8e9cf7ff 00007fdad62515f0
0x00007fff5cce05c8:   00007fff882222fc 00007fff5cce0590 

Instructions: (pc=0x0000000000000000)
0xffffffffffffffe0:   

Register to memory mapping:

RAX=0x00007fdad282fd90 is an unknown value
RBX=0x00000000ffffff00 is an unknown value
RCX=0x00007fff73bd1e01: OBJC_METACLASS_$___NSCFConstantString+0x19 in /System/Library/Frameworks/CoreFoundation.framework/Versions/A/CoreFoundation at 0x00007fff8abe5000
RDX=0x00007fdad282fd98 is an unknown value
RSP=0x00007fff5cce03d8 is pointing into the stack for thread: 0x00007fdad315f800
RBP=0x00007fff5cce0400 is pointing into the stack for thread: 0x00007fdad315f800
RSI=0x00007fff87abfc7e: NSAppKitVersionNumber+0x5e in /System/Library/Frameworks/AppKit.framework/Versions/C/AppKit at 0x00007fff87143000
RDI=0x00007fff5cce0400 is pointing into the stack for thread: 0x00007fdad315f800
R8 =0x00007fff744bb580: gCSRefLock+0 in /System/Library/Frameworks/CoreServices.framework/Versions/A/Frameworks/LaunchServices.framework/Versions/A/LaunchServices at 0x00007fff8ebd2000
R9 =0x00007fff5cce008c is pointing into the stack for thread: 0x00007fdad315f800
R10=0x00007fdad282fda0 is an unknown value
R11=0x00007fff5cce02a4 is pointing into the stack for thread: 0x00007fdad315f800
R12=0x00007fdad627eb00 is an unknown value
R13=0x00007fdad972a880 is an unknown value
R14=0x00007fff5cce0548 is pointing into the stack for thread: 0x00007fdad315f800
R15=0x00007fff5cce0588 is pointing into the stack for thread: 0x00007fdad315f800


Stack: [0x00007fff5c4e8000,0x00007fff5cce8000],  sp=0x00007fff5cce03d8,  free space=8160k
Java frames: (J=compiled Java code, j=interpreted, Vv=VM code)
j  com.sun.glass.ui.mac.MacCommonDialogs._showFileSaveChooser(JLjava/lang/String;Ljava/lang/String;[Ljava/lang/Object;)[Ljava/lang/String;+0
j  com.sun.glass.ui.mac.MacCommonDialogs.showFileChooser_impl(Lcom/sun/glass/ui/Window;Ljava/lang/String;Ljava/lang/String;IZ[Lcom/sun/glass/ui/CommonDialogs$ExtensionFilter;)[Ljava/lang/String;+138
j  com.sun.glass.ui.mac.MacApplication.staticCommonDialogs_showFileChooser(Lcom/sun/glass/ui/Window;Ljava/lang/String;Ljava/lang/String;IZ[Lcom/sun/glass/ui/CommonDialogs$ExtensionFilter;)[Ljava/lang/String;+9
j  com.sun.glass.ui.CommonDialogs.showFileChooser(Lcom/sun/glass/ui/Window;Ljava/io/File;Ljava/lang/String;IZLjava/util/List;)Ljava/util/List;+64
j  com.sun.javafx.tk.quantum.QuantumToolkit.showFileChooser(Lcom/sun/javafx/tk/TKStage;Ljava/lang/String;Ljava/io/File;Lcom/sun/javafx/tk/FileChooserType;Ljava/util/List;)Ljava/util/List;+61
j  javafx.stage.FileChooser.showDialog(Ljavafx/stage/Window;Lcom/sun/javafx/tk/FileChooserType;)Ljava/util/List;+28
j  javafx.stage.FileChooser.showSaveDialog(Ljavafx/stage/Window;)Ljava/io/File;+5
j  ant.game.CreateProfileController.saveProfile(Ljavafx/event/ActionEvent;)V+147
v  ~StubRoutines::call_stub
j  sun.reflect.NativeMethodAccessorImpl.invoke0(Ljava/lang/reflect/Method;Ljava/lang/Object;[Ljava/lang/Object;)Ljava/lang/Object;+0
j  sun.reflect.NativeMethodAccessorImpl.invoke(Ljava/lang/Object;[Ljava/lang/Object;)Ljava/lang/Object;+87
j  sun.reflect.DelegatingMethodAccessorImpl.invoke(Ljava/lang/Object;[Ljava/lang/Object;)Ljava/lang/Object;+6
j  java.lang.reflect.Method.invoke(Ljava/lang/Object;[Ljava/lang/Object;)Ljava/lang/Object;+57
j  sun.reflect.misc.Trampoline.invoke(Ljava/lang/reflect/Method;Ljava/lang/Object;[Ljava/lang/Object;)Ljava/lang/Object;+3
j  sun.reflect.GeneratedMethodAccessor1.invoke(Ljava/lang/Object;[Ljava/lang/Object;)Ljava/lang/Object;+40
j  sun.reflect.DelegatingMethodAccessorImpl.invoke(Ljava/lang/Object;[Ljava/lang/Object;)Ljava/lang/Object;+6
j  java.lang.reflect.Method.invoke(Ljava/lang/Object;[Ljava/lang/Object;)Ljava/lang/Object;+57
j  sun.reflect.misc.MethodUtil.invoke(Ljava/lang/reflect/Method;Ljava/lang/Object;[Ljava/lang/Object;)Ljava/lang/Object;+137
j  javafx.fxml.FXMLLoader$ControllerMethodEventHandler.handle(Ljavafx/event/Event;)V+23
j  com.sun.javafx.event.CompositeEventHandler.dispatchBubblingEvent(Ljavafx/event/Event;)V+62
j  com.sun.javafx.event.EventHandlerManager.dispatchBubblingEvent(Ljavafx/event/EventType;Ljavafx/event/Event;)Ljavafx/event/Event;+29
j  com.sun.javafx.event.EventHandlerManager.dispatchBubblingEvent(Ljavafx/event/Event;)Ljavafx/event/Event;+8
j  com.sun.javafx.event.CompositeEventDispatcher.dispatchBubblingEvent(Ljavafx/event/Event;)Ljavafx/event/Event;+11
j  com.sun.javafx.event.BasicEventDispatcher.dispatchEvent(Ljavafx/event/Event;Ljavafx/event/EventDispatchChain;)Ljavafx/event/Event;+29
j  com.sun.javafx.event.EventDispatchChainImpl.dispatchEvent(Ljavafx/event/Event;)Ljavafx/event/Event;+69
j  com.sun.javafx.event.BasicEventDispatcher.dispatchEvent(Ljavafx/event/Event;Ljavafx/event/EventDispatchChain;)Ljavafx/event/Event;+17
j  com.sun.javafx.event.EventDispatchChainImpl.dispatchEvent(Ljavafx/event/Event;)Ljavafx/event/Event;+69
j  com.sun.javafx.event.BasicEventDispatcher.dispatchEvent(Ljavafx/event/Event;Ljavafx/event/EventDispatchChain;)Ljavafx/event/Event;+17
j  com.sun.javafx.event.EventDispatchChainImpl.dispatchEvent(Ljavafx/event/Event;)Ljavafx/event/Event;+69
j  com.sun.javafx.event.BasicEventDispatcher.dispatchEvent(Ljavafx/event/Event;Ljavafx/event/EventDispatchChain;)Ljavafx/event/Event;+17
j  com.sun.javafx.event.EventDispatchChainImpl.dispatchEvent(Ljavafx/event/Event;)Ljavafx/event/Event;+69
j  com.sun.javafx.event.EventUtil.fireEventImpl(Ljavafx/event/EventDispatchChain;Ljavafx/event/EventTarget;Ljavafx/event/Event;)Ljavafx/event/Event;+10
j  com.sun.javafx.event.EventUtil.fireEvent(Ljavafx/event/EventTarget;Ljavafx/event/Event;)Ljavafx/event/Event;+37
j  javafx.event.Event.fireEvent(Ljavafx/event/EventTarget;Ljavafx/event/Event;)V+30
j  javafx.scene.Node.fireEvent(Ljavafx/event/Event;)V+86
j  javafx.scene.control.Button.fire()V+8
j  com.sun.javafx.scene.control.behavior.ButtonBehavior.mouseReleased(Ljavafx/scene/input/MouseEvent;)V+23
j  com.sun.javafx.scene.control.skin.SkinBase$4.handle(Ljavafx/scene/input/MouseEvent;)V+83
j  com.sun.javafx.scene.control.skin.SkinBase$4.handle(Ljavafx/event/Event;)V+5
j  com.sun.javafx.event.CompositeEventHandler.dispatchBubblingEvent(Ljavafx/event/Event;)V+42
j  com.sun.javafx.event.EventHandlerManager.dispatchBubblingEvent(Ljavafx/event/EventType;Ljavafx/event/Event;)Ljavafx/event/Event;+29
j  com.sun.javafx.event.EventHandlerManager.dispatchBubblingEvent(Ljavafx/event/Event;)Ljavafx/event/Event;+8
j  com.sun.javafx.event.CompositeEventDispatcher.dispatchBubblingEvent(Ljavafx/event/Event;)Ljavafx/event/Event;+11
j  com.sun.javafx.event.BasicEventDispatcher.dispatchEvent(Ljavafx/event/Event;Ljavafx/event/EventDispatchChain;)Ljavafx/event/Event;+29
j  com.sun.javafx.event.EventDispatchChainImpl.dispatchEvent(Ljavafx/event/Event;)Ljavafx/event/Event;+69
j  com.sun.javafx.event.BasicEventDispatcher.dispatchEvent(Ljavafx/event/Event;Ljavafx/event/EventDispatchChain;)Ljavafx/event/Event;+17
j  com.sun.javafx.event.EventDispatchChainImpl.dispatchEvent(Ljavafx/event/Event;)Ljavafx/event/Event;+69
j  com.sun.javafx.event.BasicEventDispatcher.dispatchEvent(Ljavafx/event/Event;Ljavafx/event/EventDispatchChain;)Ljavafx/event/Event;+17
j  com.sun.javafx.event.EventDispatchChainImpl.dispatchEvent(Ljavafx/event/Event;)Ljavafx/event/Event;+69
j  com.sun.javafx.event.BasicEventDispatcher.dispatchEvent(Ljavafx/event/Event;Ljavafx/event/EventDispatchChain;)Ljavafx/event/Event;+17
j  com.sun.javafx.event.EventDispatchChainImpl.dispatchEvent(Ljavafx/event/Event;)Ljavafx/event/Event;+69
j  com.sun.javafx.event.BasicEventDispatcher.dispatchEvent(Ljavafx/event/Event;Ljavafx/event/EventDispatchChain;)Ljavafx/event/Event;+17
j  com.sun.javafx.event.EventDispatchChainImpl.dispatchEvent(Ljavafx/event/Event;)Ljavafx/event/Event;+69
j  com.sun.javafx.event.EventUtil.fireEventImpl(Ljavafx/event/EventDispatchChain;Ljavafx/event/EventTarget;Ljavafx/event/Event;)Ljavafx/event/Event;+10
j  com.sun.javafx.event.EventUtil.fireEvent(Ljavafx/event/EventTarget;Ljavafx/event/Event;)Ljavafx/event/Event;+46
j  javafx.event.Event.fireEvent(Ljavafx/event/EventTarget;Ljavafx/event/Event;)V+30
j  javafx.scene.Scene$MouseHandler.process(Ljavafx/scene/input/MouseEvent;Z)V+405
j  javafx.scene.Scene$MouseHandler.process(Ljavafx/scene/input/MouseEvent;)V+3
j  javafx.scene.Scene$MouseHandler.access$1900(Ljavafx/scene/Scene$MouseHandler;Ljavafx/scene/input/MouseEvent;)V+2
j  javafx.scene.Scene.impl_processMouseEvent(Ljavafx/scene/input/MouseEvent;)V+16
j  javafx.scene.Scene$ScenePeerListener.mouseEvent(Ljava/lang/Object;)V+11
j  com.sun.javafx.tk.quantum.GlassViewEventHandler$MouseEventNotification.run()Ljava/lang/Void;+329
j  com.sun.javafx.tk.quantum.GlassViewEventHandler$MouseEventNotification.run()Ljava/lang/Object;+1
v  ~StubRoutines::call_stub
j  java.security.AccessController.doPrivileged(Ljava/security/PrivilegedAction;Ljava/security/AccessControlContext;)Ljava/lang/Object;+0
j  com.sun.javafx.tk.quantum.GlassViewEventHandler.handleMouseEvent(Lcom/sun/glass/ui/View;JIIIIIIIIZZ)V+117
j  com.sun.glass.ui.View.handleMouseEvent(JIIIIIIIIZZ)V+38
j  com.sun.glass.ui.View.notifyMouse(IIIIIIIZZ)V+184
v  ~StubRoutines::call_stub

---------------  P R O C E S S  ---------------

Java Threads: ( => current thread )
  0x00007fdad4166800 JavaThread "Prism Font Disposer" daemon [_thread_blocked, id=40963, stack(0x00000001606d6000,0x00000001607d6000)]
  0x00007fdad2038800 JavaThread "Thread-5" daemon [_thread_in_native, id=32771, stack(0x000000015e79e000,0x000000015e81e000)]
=>0x00007fdad315f800 JavaThread "JavaFX Application Thread" [_thread_in_native, id=1799, stack(0x00007fff5c4e8000,0x00007fff5cce8000)]
  0x00007fdad3852000 JavaThread "Thread-3" daemon [_thread_blocked, id=26371, stack(0x000000015cbd4000,0x000000015ccd4000)]
  0x00007fdad3171800 JavaThread "Disposer" daemon [_thread_blocked, id=26131, stack(0x000000015ca73000,0x000000015cb73000)]
  0x00007fdad40b5800 JavaThread "QuantumRenderer-0" daemon [_thread_blocked, id=21507, stack(0x000000015bc0d000,0x000000015bd0d000)]
  0x00007fdad2019000 JavaThread "JavaFX-Launcher" [_thread_blocked, id=21251, stack(0x000000015baee000,0x000000015bbee000)]
  0x00007fdad38d4000 JavaThread "traceMsgQueueThread" daemon [_thread_blocked, id=20995, stack(0x000000015b9b6000,0x000000015bab6000)]
  0x00007fdad381d000 JavaThread "Service Thread" daemon [_thread_blocked, id=20483, stack(0x000000015b559000,0x000000015b659000)]
  0x00007fdad381c800 JavaThread "C2 CompilerThread1" daemon [_thread_blocked, id=20227, stack(0x000000015b456000,0x000000015b556000)]
  0x00007fdad381b000 JavaThread "C2 CompilerThread0" daemon [_thread_blocked, id=19971, stack(0x000000015b353000,0x000000015b453000)]
  0x00007fdad3045000 JavaThread "Signal Dispatcher" daemon [_thread_blocked, id=19715, stack(0x000000015b250000,0x000000015b350000)]
  0x00007fdad4013800 JavaThread "Finalizer" daemon [_thread_blocked, id=15107, stack(0x000000015af7c000,0x000000015b07c000)]
  0x00007fdad3044000 JavaThread "Reference Handler" daemon [_thread_blocked, id=14851, stack(0x000000015ae79000,0x000000015af79000)]
  0x00007fdad200e000 JavaThread "main" [_thread_blocked, id=5891, stack(0x0000000103aea000,0x0000000103bea000)]

Other Threads:
  0x00007fdad3041800 VMThread [stack: 0x000000015ad76000,0x000000015ae76000] [id=14595]
  0x00007fdad3814000 WatcherThread [stack: 0x000000015b65c000,0x000000015b75c000] [id=20739]

VM state:not at safepoint (normal execution)

VM Mutex/Monitor currently owned by a thread: None

Heap
 PSYoungGen      total 22144K, used 13028K [0x000000013d640000, 0x0000000140180000, 0x0000000156190000)
  eden space 19008K, 52% used [0x000000013d640000,0x000000013dfefbc8,0x000000013e8d0000)
  from space 3136K, 99% used [0x000000013fe70000,0x0000000140179470,0x0000000140180000)
  to   space 3136K, 0% used [0x000000013e8d0000,0x000000013e8d0000,0x000000013ebe0000)
 ParOldGen       total 50624K, used 2036K [0x000000010bf90000, 0x000000010f100000, 0x000000013d640000)
  object space 50624K, 4% used [0x000000010bf90000,0x000000010c18d1e0,0x000000010f100000)
 PSPermGen       total 21248K, used 17210K [0x0000000106d90000, 0x0000000108250000, 0x000000010bf90000)
  object space 21248K, 80% used [0x0000000106d90000,0x0000000107e5e868,0x0000000108250000)

Card table byte_map: [0x0000000156190000,0x000000015640b000] byte_map_base: 0x0000000155959380

Polling page: 0x0000000103c29000

Code Cache  [0x0000000103cbf000, 0x0000000103f2f000, 0x0000000106cbf000)
 total_blobs=872 nmethods=314 adapters=510 free_code_cache=47830Kb largest_free_block=48950208

Compilation events (10 events):
Event: 53.022 Thread 0x00007fdad381b000  314             com.sun.javafx.geom.transform.GeneralTransform3D::get (34 bytes)
Event: 53.022 Thread 0x00007fdad381b000 nmethod 314 0x0000000103da6ed0 code [0x0000000103da7020, 0x0000000103da70b8]
Event: 53.154 Thread 0x00007fdad381c800  315             javafx.event.Event::getEventType (5 bytes)
Event: 53.154 Thread 0x00007fdad381c800 nmethod 315 0x0000000103da6c50 code [0x0000000103da6d80, 0x0000000103da6df8]
Event: 56.054 Thread 0x00007fdad381b000  316             com.sun.javafx.event.CompositeEventDispatcher::dispatchCapturingEvent (35 bytes)
Event: 56.056 Thread 0x00007fdad381b000 nmethod 316 0x0000000103dc0950 code [0x0000000103dc0aa0, 0x0000000103dc0bb8]
Event: 57.926 Thread 0x00007fdad381c800  318             javafx.scene.Node::getGeomBounds (131 bytes)
Event: 57.926 Thread 0x00007fdad381b000  319             javafx.scene.Node::updateGeomBounds (28 bytes)
Event: 57.927 Thread 0x00007fdad381b000 nmethod 319 0x0000000103dedad0 code [0x0000000103dedc20, 0x0000000103dedcd8]
Event: 57.932 Thread 0x00007fdad381c800 nmethod 318 0x0000000103e0f810 code [0x0000000103e0fa00, 0x0000000103e0fed0]

GC Heap History (4 events):
Event: 1.271 GC heap before
{Heap before GC invocations=1 (full 0):
 PSYoungGen      total 22144K, used 19008K [0x000000013d640000, 0x000000013eef0000, 0x0000000156190000)
  eden space 19008K, 100% used [0x000000013d640000,0x000000013e8d0000,0x000000013e8d0000)
  from space 3136K, 0% used [0x000000013ebe0000,0x000000013ebe0000,0x000000013eef0000)
  to   space 3136K, 0% used [0x000000013e8d0000,0x000000013e8d0000,0x000000013ebe0000)
 ParOldGen       total 50624K, used 0K [0x000000010bf90000, 0x000000010f100000, 0x000000013d640000)
  object space 50624K, 0% used [0x000000010bf90000,0x000000010bf90000,0x000000010f100000)
 PSPermGen       total 21248K, used 12007K [0x0000000106d90000, 0x0000000108250000, 0x000000010bf90000)
  object space 21248K, 56% used [0x0000000106d90000,0x0000000107949ef0,0x0000000108250000)
Event: 1.285 GC heap after
Heap after GC invocations=1 (full 0):
 PSYoungGen      total 22144K, used 3133K [0x000000013d640000, 0x0000000140180000, 0x0000000156190000)
  eden space 19008K, 0% used [0x000000013d640000,0x000000013d640000,0x000000013e8d0000)
  from space 3136K, 99% used [0x000000013e8d0000,0x000000013ebdf5f8,0x000000013ebe0000)
  to   space 3136K, 0% used [0x000000013fe70000,0x000000013fe70000,0x0000000140180000)
 ParOldGen       total 50624K, used 8K [0x000000010bf90000, 0x000000010f100000, 0x000000013d640000)
  object space 50624K, 0% used [0x000000010bf90000,0x000000010bf92000,0x000000010f100000)
 PSPermGen       total 21248K, used 12007K [0x0000000106d90000, 0x0000000108250000, 0x000000010bf90000)
  object space 21248K, 56% used [0x0000000106d90000,0x0000000107949ef0,0x0000000108250000)
}
Event: 4.992 GC heap before
{Heap before GC invocations=2 (full 0):
 PSYoungGen      total 22144K, used 22141K [0x000000013d640000, 0x0000000140180000, 0x0000000156190000)
  eden space 19008K, 100% used [0x000000013d640000,0x000000013e8d0000,0x000000013e8d0000)
  from space 3136K, 99% used [0x000000013e8d0000,0x000000013ebdf5f8,0x000000013ebe0000)
  to   space 3136K, 0% used [0x000000013fe70000,0x000000013fe70000,0x0000000140180000)
 ParOldGen       total 50624K, used 8K [0x000000010bf90000, 0x000000010f100000, 0x000000013d640000)
  object space 50624K, 0% used [0x000000010bf90000,0x000000010bf92000,0x000000010f100000)
 PSPermGen       total 21248K, used 16480K [0x0000000106d90000, 0x0000000108250000, 0x000000010bf90000)
  object space 21248K, 77% used [0x0000000106d90000,0x0000000107da83e0,0x0000000108250000)
Event: 5.006 GC heap after
Heap after GC invocations=2 (full 0):
 PSYoungGen      total 22144K, used 3109K [0x000000013d640000, 0x0000000140180000, 0x0000000156190000)
  eden space 19008K, 0% used [0x000000013d640000,0x000000013d640000,0x000000013e8d0000)
  from space 3136K, 99% used [0x000000013fe70000,0x0000000140179470,0x0000000140180000)
  to   space 3136K, 0% used [0x000000013e8d0000,0x000000013e8d0000,0x000000013ebe0000)
 ParOldGen       total 50624K, used 2036K [0x000000010bf90000, 0x000000010f100000, 0x000000013d640000)
  object space 50624K, 4% used [0x000000010bf90000,0x000000010c18d1e0,0x000000010f100000)
 PSPermGen       total 21248K, used 16480K [0x0000000106d90000, 0x0000000108250000, 0x000000010bf90000)
  object space 21248K, 77% used [0x0000000106d90000,0x0000000107da83e0,0x0000000108250000)
}

Deoptimization events (10 events):
Event: 5.155 Thread 0x00007fdad315f800 Uncommon trap -34 fr.pc 0x0000000103d79360
Event: 5.155 Thread 0x00007fdad315f800 Uncommon trap -34 fr.pc 0x0000000103d79360
Event: 5.155 Thread 0x00007fdad315f800 Uncommon trap -34 fr.pc 0x0000000103d79360
Event: 5.155 Thread 0x00007fdad315f800 Uncommon trap -34 fr.pc 0x0000000103d79360
Event: 20.744 Thread 0x00007fdad315f800 Uncommon trap -58 fr.pc 0x0000000103de8b84
Event: 20.744 Thread 0x00007fdad315f800 Uncommon trap -58 fr.pc 0x0000000103de8b84
Event: 20.744 Thread 0x00007fdad315f800 Uncommon trap -58 fr.pc 0x0000000103de8b84
Event: 20.744 Thread 0x00007fdad315f800 Uncommon trap -58 fr.pc 0x0000000103de8b84
Event: 20.773 Thread 0x00007fdad315f800 Uncommon trap -83 fr.pc 0x0000000103d9a1fc
Event: 37.422 Thread 0x00007fdad315f800 Uncommon trap -83 fr.pc 0x0000000103e05740

Internal exceptions (10 events):
Event: 5.073 Thread 0x00007fdad315f800 Threw 0x000000013d91d028 at /HUDSON/workspace/jdk7u17-2-build-macosx-amd64-product/jdk7u17/hotspot/src/share/vm/prims/jvm.cpp:1166
Event: 5.073 Thread 0x00007fdad315f800 Threw 0x000000013d91de38 at /HUDSON/workspace/jdk7u17-2-build-macosx-amd64-product/jdk7u17/hotspot/src/share/vm/prims/jvm.cpp:1166
Event: 5.074 Thread 0x00007fdad315f800 Threw 0x000000013d933580 at /HUDSON/workspace/jdk7u17-2-build-macosx-amd64-product/jdk7u17/hotspot/src/share/vm/prims/jvm.cpp:1166
Event: 5.074 Thread 0x00007fdad315f800 Threw 0x000000013d9340d8 at /HUDSON/workspace/jdk7u17-2-build-macosx-amd64-product/jdk7u17/hotspot/src/share/vm/prims/jvm.cpp:1166
Event: 5.074 Thread 0x00007fdad315f800 Threw 0x000000013d934c60 at /HUDSON/workspace/jdk7u17-2-build-macosx-amd64-product/jdk7u17/hotspot/src/share/vm/prims/jvm.cpp:1166
Event: 5.074 Thread 0x00007fdad315f800 Threw 0x000000013d935960 at /HUDSON/workspace/jdk7u17-2-build-macosx-amd64-product/jdk7u17/hotspot/src/share/vm/prims/jvm.cpp:1166
Event: 5.075 Thread 0x00007fdad315f800 Threw 0x000000013d936580 at /HUDSON/workspace/jdk7u17-2-build-macosx-amd64-product/jdk7u17/hotspot/src/share/vm/prims/jvm.cpp:1166
Event: 5.075 Thread 0x00007fdad315f800 Threw 0x000000013d9372d0 at /HUDSON/workspace/jdk7u17-2-build-macosx-amd64-product/jdk7u17/hotspot/src/share/vm/prims/jvm.cpp:1166
Event: 5.103 Thread 0x00007fdad315f800 Implicit null exception at 0x0000000103dc0070 to 0x0000000103dc099d
Event: 36.084 Thread 0x00007fdad315f800 Threw 0x000000013df15ba8 at /HUDSON/workspace/jdk7u17-2-build-macosx-amd64-product/jdk7u17/hotspot/src/share/vm/prims/jni.cpp:716

Events (10 events):
Event: 36.082 loading class 0x00007fdad1cf9910
Event: 36.084 loading class 0x00007fdad1cf9910 done
Event: 36.084 loading class 0x00007fdad638b5e0
Event: 36.084 loading class 0x00007fdad638b5e0 done
Event: 36.084 loading class 0x00007fdad6395ae0
Event: 36.084 loading class 0x00007fdad6395ae0 done
Event: 36.084 loading class 0x00007fdad1c03c70
Event: 36.084 loading class 0x00007fdad1c03c70 done
Event: 37.422 Thread 0x00007fdad315f800 DEOPT PACKING pc=0x0000000103e05740 sp=0x00007fff5cce3140
Event: 37.422 Thread 0x00007fdad315f800 DEOPT UNPACKING pc=0x0000000103cf8145 sp=0x00007fff5cce3038 mode 2


Dynamic libraries:
0x0000000002ca3000 	/System/Library/Frameworks/Cocoa.framework/Versions/A/Cocoa
0x0000000002ca3000 	/System/Library/Frameworks/Security.framework/Versions/A/Security
0x0000000002ca3000 	/System/Library/Frameworks/ApplicationServices.framework/Versions/A/ApplicationServices
0x0000000002ca3000 	/usr/lib/libz.1.dylib
0x0000000002ca3000 	/usr/lib/libSystem.B.dylib
0x0000000002ca3000 	/usr/lib/libobjc.A.dylib
0x0000000002ca3000 	/System/Library/Frameworks/CoreFoundation.framework/Versions/A/CoreFoundation
0x0000000002ca3000 	/System/Library/Frameworks/AppKit.framework/Versions/C/AppKit
0x0000000002ca3000 	/System/Library/Frameworks/CoreData.framework/Versions/A/CoreData
0x0000000002ca3000 	/System/Library/Frameworks/Foundation.framework/Versions/C/Foundation
0x0000000002ca3000 	/System/Library/PrivateFrameworks/RemoteViewServices.framework/Versions/A/RemoteViewServices
0x0000000002ca3000 	/System/Library/Frameworks/AudioToolbox.framework/Versions/A/AudioToolbox
0x0000000002ca3000 	/System/Library/Frameworks/AudioUnit.framework/Versions/A/AudioUnit
0x0000000002ca3000 	/System/Library/PrivateFrameworks/DataDetectorsCore.framework/Versions/A/DataDetectorsCore
0x0000000002ca3000 	/System/Library/PrivateFrameworks/DesktopServicesPriv.framework/Versions/A/DesktopServicesPriv
0x0000000002ca3000 	/System/Library/Frameworks/Carbon.framework/Versions/A/Frameworks/HIToolbox.framework/Versions/A/HIToolbox
0x0000000002ca3000 	/System/Library/Frameworks/QuartzCore.framework/Versions/A/QuartzCore
0x0000000002ca3000 	/System/Library/Frameworks/Carbon.framework/Versions/A/Frameworks/SpeechRecognition.framework/Versions/A/SpeechRecognition
0x0000000002ca3000 	/usr/lib/libauto.dylib
0x0000000002ca3000 	/usr/lib/libicucore.A.dylib
0x0000000002ca3000 	/usr/lib/libxml2.2.dylib
0x0000000002ca3000 	/System/Library/PrivateFrameworks/CoreUI.framework/Versions/A/CoreUI
0x0000000002ca3000 	/System/Library/Frameworks/CoreAudio.framework/Versions/A/CoreAudio
0x0000000002ca3000 	/System/Library/Frameworks/DiskArbitration.framework/Versions/A/DiskArbitration
0x0000000002ca3000 	/usr/lib/liblangid.dylib
0x0000000002ca3000 	/System/Library/PrivateFrameworks/MultitouchSupport.framework/Versions/A/MultitouchSupport
0x0000000002ca3000 	/System/Library/Frameworks/IOKit.framework/Versions/A/IOKit
0x0000000002ca3000 	/usr/lib/libDiagnosticMessagesClient.dylib
0x0000000002ca3000 	/System/Library/Frameworks/CoreServices.framework/Versions/A/CoreServices
0x0000000002ca3000 	/System/Library/PrivateFrameworks/PerformanceAnalysis.framework/Versions/A/PerformanceAnalysis
0x0000000002ca3000 	/System/Library/PrivateFrameworks/GenerationalStorage.framework/Versions/A/GenerationalStorage
0x0000000002ca3000 	/System/Library/Frameworks/OpenGL.framework/Versions/A/OpenGL
0x0000000002ca3000 	/System/Library/Frameworks/CoreText.framework/Versions/A/CoreText
0x0000000002ca3000 	/System/Library/Frameworks/ImageIO.framework/Versions/A/ImageIO
0x0000000002ca3000 	/System/Library/PrivateFrameworks/Backup.framework/Versions/A/Backup
0x0000000002ca3000 	/System/Library/Frameworks/CFNetwork.framework/Versions/A/CFNetwork
0x0000000002ca3000 	/System/Library/Frameworks/SystemConfiguration.framework/Versions/A/SystemConfiguration
0x0000000002ca3000 	/usr/lib/libCRFSuite.dylib
0x0000000002ca3000 	/System/Library/PrivateFrameworks/TCC.framework/Versions/A/TCC
0x0000000002ca3000 	/usr/lib/libc++.1.dylib
0x0000000002ca3000 	/usr/lib/libc++abi.dylib
0x0000000002ca3000 	/usr/lib/system/libcache.dylib
0x0000000002ca3000 	/usr/lib/system/libcommonCrypto.dylib
0x0000000002ca3000 	/usr/lib/system/libcompiler_rt.dylib
0x0000000002ca3000 	/usr/lib/system/libcopyfile.dylib
0x0000000002ca3000 	/usr/lib/system/libdispatch.dylib
0x0000000002ca3000 	/usr/lib/system/libdnsinfo.dylib
0x0000000002ca3000 	/usr/lib/system/libdyld.dylib
0x0000000002ca3000 	/usr/lib/system/libkeymgr.dylib
0x0000000002ca3000 	/usr/lib/system/liblaunch.dylib
0x0000000002ca3000 	/usr/lib/system/libmacho.dylib
0x0000000002ca3000 	/usr/lib/system/libquarantine.dylib
0x0000000002ca3000 	/usr/lib/system/libremovefile.dylib
0x0000000002ca3000 	/usr/lib/system/libsystem_blocks.dylib
0x0000000002ca3000 	/usr/lib/system/libsystem_c.dylib
0x0000000002ca3000 	/usr/lib/system/libsystem_dnssd.dylib
0x0000000002ca3000 	/usr/lib/system/libsystem_info.dylib
0x0000000002ca3000 	/usr/lib/system/libsystem_kernel.dylib
0x0000000002ca3000 	/usr/lib/system/libsystem_m.dylib
0x0000000002ca3000 	/usr/lib/system/libsystem_network.dylib
0x0000000002ca3000 	/usr/lib/system/libsystem_notify.dylib
0x0000000002ca3000 	/usr/lib/system/libsystem_sandbox.dylib
0x0000000002ca3000 	/usr/lib/system/libunc.dylib
0x0000000002ca3000 	/usr/lib/system/libunwind.dylib
0x0000000002ca3000 	/usr/lib/system/libxpc.dylib
0x0000000002ca3000 	/usr/lib/system/libcorecrypto.dylib
0x0000000002ca3000 	/usr/lib/libstdc++.6.dylib
0x0000000002ca3000 	/usr/lib/libbsm.0.dylib
0x0000000002ca3000 	/usr/lib/libsqlite3.dylib
0x0000000002ca3000 	/usr/lib/libxar.1.dylib
0x0000000002ca3000 	/usr/lib/libpam.2.dylib
0x0000000002ca3000 	/usr/lib/libOpenScriptingUtil.dylib
0x0000000002ca3000 	/usr/lib/libbz2.1.0.dylib
0x0000000002ca3000 	/System/Library/Frameworks/CoreServices.framework/Versions/A/Frameworks/CarbonCore.framework/Versions/A/CarbonCore
0x0000000002ca3000 	/System/Library/Frameworks/CoreServices.framework/Versions/A/Frameworks/Metadata.framework/Versions/A/Metadata
0x0000000002ca3000 	/System/Library/Frameworks/CoreServices.framework/Versions/A/Frameworks/OSServices.framework/Versions/A/OSServices
0x0000000002ca3000 	/System/Library/Frameworks/CoreServices.framework/Versions/A/Frameworks/SearchKit.framework/Versions/A/SearchKit
0x0000000002ca3000 	/System/Library/Frameworks/CoreServices.framework/Versions/A/Frameworks/AE.framework/Versions/A/AE
0x0000000002ca3000 	/System/Library/Frameworks/CoreServices.framework/Versions/A/Frameworks/LaunchServices.framework/Versions/A/LaunchServices
0x0000000002ca3000 	/System/Library/Frameworks/CoreServices.framework/Versions/A/Frameworks/DictionaryServices.framework/Versions/A/DictionaryServices
0x0000000002ca3000 	/System/Library/Frameworks/NetFS.framework/Versions/A/NetFS
0x0000000002ca3000 	/usr/lib/system/libkxld.dylib
0x0000000002ca3000 	/System/Library/PrivateFrameworks/NetAuth.framework/Versions/A/NetAuth
0x0000000002ca3000 	/System/Library/Frameworks/OpenDirectory.framework/Versions/A/Frameworks/CFOpenDirectory.framework/Versions/A/CFOpenDirectory
0x0000000002ca3000 	/usr/lib/libxslt.1.dylib
0x0000000002ca3000 	/System/Library/PrivateFrameworks/FamilyControls.framework/Versions/A/FamilyControls
0x0000000002ca3000 	/System/Library/Frameworks/Carbon.framework/Versions/A/Frameworks/Ink.framework/Versions/A/Ink
0x0000000002ca3000 	/System/Library/Frameworks/ApplicationServices.framework/Versions/A/Frameworks/CoreGraphics.framework/Versions/A/CoreGraphics
0x0000000002ca3000 	/System/Library/Frameworks/ApplicationServices.framework/Versions/A/Frameworks/ATS.framework/Versions/A/ATS
0x0000000002ca3000 	/System/Library/Frameworks/ApplicationServices.framework/Versions/A/Frameworks/ColorSync.framework/Versions/A/ColorSync
0x0000000002ca3000 	/System/Library/Frameworks/ApplicationServices.framework/Versions/A/Frameworks/HIServices.framework/Versions/A/HIServices
0x0000000002ca3000 	/System/Library/Frameworks/ApplicationServices.framework/Versions/A/Frameworks/LangAnalysis.framework/Versions/A/LangAnalysis
0x0000000002ca3000 	/System/Library/Frameworks/ApplicationServices.framework/Versions/A/Frameworks/PrintCore.framework/Versions/A/PrintCore
0x0000000002ca3000 	/System/Library/Frameworks/ApplicationServices.framework/Versions/A/Frameworks/QD.framework/Versions/A/QD
0x0000000002ca3000 	/System/Library/Frameworks/ApplicationServices.framework/Versions/A/Frameworks/SpeechSynthesis.framework/Versions/A/SpeechSynthesis
0x0000000002ca3000 	/System/Library/Frameworks/IOSurface.framework/Versions/A/IOSurface
0x0000000002ca3000 	/System/Library/Frameworks/Accelerate.framework/Versions/A/Accelerate
0x0000000002ca3000 	/System/Library/Frameworks/ApplicationServices.framework/Versions/A/Frameworks/ATS.framework/Versions/A/Resources/libFontParser.dylib
0x0000000002ca3000 	/System/Library/Frameworks/ApplicationServices.framework/Versions/A/Frameworks/ATS.framework/Versions/A/Resources/libFontRegistry.dylib
0x0000000002ca3000 	/System/Library/Frameworks/Accelerate.framework/Versions/A/Frameworks/vImage.framework/Versions/A/vImage
0x0000000002ca3000 	/System/Library/Frameworks/Accelerate.framework/Versions/A/Frameworks/vecLib.framework/Versions/A/vecLib
0x0000000002ca3000 	/System/Library/Frameworks/Accelerate.framework/Versions/A/Frameworks/vecLib.framework/Versions/A/libvDSP.dylib
0x0000000002ca3000 	/System/Library/Frameworks/Accelerate.framework/Versions/A/Frameworks/vecLib.framework/Versions/A/libvMisc.dylib
0x0000000002ca3000 	/System/Library/Frameworks/Accelerate.framework/Versions/A/Frameworks/vecLib.framework/Versions/A/libLAPACK.dylib
0x0000000002ca3000 	/System/Library/Frameworks/Accelerate.framework/Versions/A/Frameworks/vecLib.framework/Versions/A/libBLAS.dylib
0x0000000002ca3000 	/System/Library/Frameworks/ImageIO.framework/Versions/A/Resources/libJPEG.dylib
0x0000000002ca3000 	/System/Library/Frameworks/ImageIO.framework/Versions/A/Resources/libTIFF.dylib
0x0000000002ca3000 	/System/Library/Frameworks/ImageIO.framework/Versions/A/Resources/libPng.dylib
0x0000000002ca3000 	/System/Library/Frameworks/ImageIO.framework/Versions/A/Resources/libGIF.dylib
0x0000000002ca3000 	/System/Library/Frameworks/ImageIO.framework/Versions/A/Resources/libJP2.dylib
0x0000000002ca3000 	/System/Library/Frameworks/ImageIO.framework/Versions/A/Resources/libRadiance.dylib
0x0000000002ca3000 	/usr/lib/libcups.2.dylib
0x0000000002ca3000 	/System/Library/Frameworks/Kerberos.framework/Versions/A/Kerberos
0x0000000002ca3000 	/System/Library/Frameworks/GSS.framework/Versions/A/GSS
0x0000000002ca3000 	/usr/lib/libresolv.9.dylib
0x0000000002ca3000 	/usr/lib/libiconv.2.dylib
0x0000000002ca3000 	/System/Library/PrivateFrameworks/Heimdal.framework/Versions/A/Heimdal
0x0000000002ca3000 	/System/Library/PrivateFrameworks/TrustEvaluationAgent.framework/Versions/A/TrustEvaluationAgent
0x0000000002ca3000 	/System/Library/Frameworks/OpenDirectory.framework/Versions/A/OpenDirectory
0x0000000002ca3000 	/System/Library/PrivateFrameworks/CommonAuth.framework/Versions/A/CommonAuth
0x0000000002ca3000 	/System/Library/PrivateFrameworks/Bom.framework/Versions/A/Bom
0x0000000002ca3000 	/System/Library/Frameworks/CoreVideo.framework/Versions/A/CoreVideo
0x0000000002ca3000 	/System/Library/Frameworks/QuartzCore.framework/Versions/A/Frameworks/CoreImage.framework/Versions/A/CoreImage
0x0000000002ca3000 	/System/Library/Frameworks/QuartzCore.framework/Versions/A/Frameworks/ScalableUserInterface.framework/Versions/A/ScalableUserInterface
0x0000000002ca3000 	/System/Library/Frameworks/OpenGL.framework/Versions/A/Libraries/libGLU.dylib
0x0000000002ca3000 	/System/Library/Frameworks/OpenGL.framework/Versions/A/Libraries/libGFXShared.dylib
0x0000000002ca3000 	/System/Library/Frameworks/OpenGL.framework/Versions/A/Libraries/libGL.dylib
0x0000000002ca3000 	/System/Library/Frameworks/OpenGL.framework/Versions/A/Libraries/libGLImage.dylib
0x0000000002ca3000 	/System/Library/Frameworks/OpenGL.framework/Versions/A/Libraries/libCVMSPluginSupport.dylib
0x0000000002ca3000 	/System/Library/Frameworks/OpenGL.framework/Versions/A/Libraries/libCoreVMClient.dylib
0x0000000002ca3000 	/System/Library/PrivateFrameworks/CrashReporterSupport.framework/Versions/A/CrashReporterSupport
0x0000000002ca3000 	/System/Library/Frameworks/OpenCL.framework/Versions/A/OpenCL
0x0000000002ca3000 	/System/Library/PrivateFrameworks/FaceCoreLight.framework/Versions/A/FaceCoreLight
0x0000000002ca3000 	/System/Library/PrivateFrameworks/AppleFSCompression.framework/Versions/A/AppleFSCompression
0x0000000002ca3000 	/System/Library/PrivateFrameworks/Ubiquity.framework/Versions/A/Ubiquity
0x0000000002ca3000 	/System/Library/Frameworks/ServiceManagement.framework/Versions/A/ServiceManagement
0x0000000002ca3000 	/System/Library/PrivateFrameworks/ChunkingLibrary.framework/Versions/A/ChunkingLibrary
0x0000000002ca3000 	/System/Library/Frameworks/vecLib.framework/Versions/A/vecLib
0x0000000002ca3000 	/System/Library/Frameworks/SecurityFoundation.framework/Versions/A/SecurityFoundation
0x0000000002ca3000 	/System/Library/PrivateFrameworks/CommerceKit.framework/Versions/A/Frameworks/CommerceCore.framework/Versions/A/CommerceCore
0x0000000002ca3000 	/System/Library/PrivateFrameworks/CoreSymbolication.framework/Versions/A/CoreSymbolication
0x0000000002ca3000 	/System/Library/PrivateFrameworks/Symbolication.framework/Versions/A/Symbolication
0x0000000002ca3000 	/System/Library/PrivateFrameworks/DebugSymbols.framework/Versions/A/DebugSymbols
0x0000000103042000 	/Library/Java/JavaVirtualMachines/jdk1.7.0_17.jdk/Contents/Home/jre/lib/server/libjvm.dylib
0x0000000103bec000 	/Library/Java/JavaVirtualMachines/jdk1.7.0_17.jdk/Contents/Home/jre/lib/libverify.dylib
0x0000000103bf9000 	/Library/Java/JavaVirtualMachines/jdk1.7.0_17.jdk/Contents/Home/jre/lib/libjava.dylib
0x0000000103cb6000 	/Library/Java/JavaVirtualMachines/jdk1.7.0_17.jdk/Contents/Home/jre/lib/libzip.dylib
0x000000015b07e000 	/System/Library/Frameworks/JavaVM.framework/Frameworks/JavaRuntimeSupport.framework/JavaRuntimeSupport
0x000000015b096000 	/System/Library/Frameworks/JavaVM.framework/Versions/A/Frameworks/JavaNativeFoundation.framework/Versions/A/JavaNativeFoundation
0x000000015b0ab000 	/System/Library/Frameworks/JavaVM.framework/Versions/A/JavaVM
0x0000000002ca3000 	/System/Library/Frameworks/Carbon.framework/Versions/A/Carbon
0x000000015b0b8000 	/System/Library/PrivateFrameworks/JavaLaunching.framework/Versions/A/JavaLaunching
0x0000000002ca3000 	/System/Library/Frameworks/Carbon.framework/Versions/A/Frameworks/CommonPanels.framework/Versions/A/CommonPanels
0x0000000002ca3000 	/System/Library/Frameworks/Carbon.framework/Versions/A/Frameworks/Help.framework/Versions/A/Help
0x0000000002ca3000 	/System/Library/Frameworks/Carbon.framework/Versions/A/Frameworks/ImageCapture.framework/Versions/A/ImageCapture
0x0000000002ca3000 	/System/Library/Frameworks/Carbon.framework/Versions/A/Frameworks/OpenScripting.framework/Versions/A/OpenScripting
0x0000000002ca3000 	/System/Library/Frameworks/Carbon.framework/Versions/A/Frameworks/Print.framework/Versions/A/Print
0x0000000002ca3000 	/System/Library/Frameworks/Carbon.framework/Versions/A/Frameworks/SecurityHI.framework/Versions/A/SecurityHI
0x000000015bab8000 	/Library/Java/JavaVirtualMachines/jdk1.7.0_17.jdk/Contents/Home/jre/lib/libdeploy.dylib
0x000000015bade000 	/Library/Java/JavaVirtualMachines/jdk1.7.0_17.jdk/Contents/Home/jre/lib/jli/./libjli.dylib
0x000000015bd0f000 	/Library/Java/JavaVirtualMachines/jdk1.7.0_17.jdk/Contents/Home/jre/lib/libprism-es2.dylib
0x000000015bd7c000 	/System/Library/Frameworks/OpenGL.framework/Resources/GLEngine.bundle/GLEngine
0x000000015bf6a000 	/System/Library/Frameworks/OpenGL.framework/Versions/A/Libraries/libGLProgrammability.dylib
0x000000015c0e0000 	/System/Library/Extensions/AppleIntelHD4000GraphicsGLDriver.bundle/Contents/MacOS/AppleIntelHD4000GraphicsGLDriver
0x000000015c6c4000 	/System/Library/PrivateFrameworks/GPUSupport.framework/Versions/A/Libraries/libGPUSupport.dylib
0x000000015c6d9000 	/System/Library/Frameworks/OpenGL.framework/Resources//GLRendererFloat.bundle/GLRendererFloat
0x000000015c70f000 	/System/Library/Frameworks/OpenCL.framework/Versions/A/Libraries/libcldcpuengine.dylib
0x0000000002ca3000 	/System/Library/PrivateFrameworks/DiskImages.framework/Versions/A/DiskImages
0x000000015c71e000 	/System/Library/Frameworks/OpenGL.framework/Versions/A/Libraries/libCoreFSCache.dylib
0x0000000002ca3000 	/System/Library/Frameworks/DiscRecording.framework/Versions/A/DiscRecording
0x0000000002ca3000 	/usr/lib/libcurl.4.dylib
0x0000000002ca3000 	/System/Library/PrivateFrameworks/MediaKit.framework/Versions/A/MediaKit
0x0000000002ca3000 	/usr/lib/libssl.0.9.8.dylib
0x0000000002ca3000 	/usr/lib/libcrypto.0.9.8.dylib
0x0000000002ca3000 	/System/Library/Frameworks/LDAP.framework/Versions/A/LDAP
0x0000000002ca3000 	/usr/lib/libsasl2.2.dylib
0x000000015cb75000 	/Library/Java/JavaVirtualMachines/jdk1.7.0_17.jdk/Contents/Home/jre/lib/libglass.dylib
0x0000000002ca3000 	/System/Library/PrivateFrameworks/CoreServicesInternal.framework/Versions/A/CoreServicesInternal
0x0000000002ca3000 	/System/Library/PrivateFrameworks/Librarian.framework/Versions/A/Librarian
0x0000000002ca3000 	/System/Library/CoreServices/RawCamera.bundle/Contents/MacOS/RawCamera
0x0000000002ca3000 	/System/Library/Frameworks/ApplicationServices.framework/Versions/A/Frameworks/CoreGraphics.framework/Versions/A/Resources/libCSync.A.dylib
0x0000000002ca3000 	/System/Library/Frameworks/ApplicationServices.framework/Versions/A/Frameworks/CoreGraphics.framework/Versions/A/Resources/libRIP.A.dylib
0x0000000160679000 	/Library/Java/JavaVirtualMachines/jdk1.7.0_17.jdk/Contents/Home/jre/lib/libjavafx-font.dylib
0x0000000002ca3000 	/System/Library/Frameworks/ApplicationServices.framework/Versions/A/Frameworks/CoreGraphics.framework/Versions/A/Resources/libCGXType.A.dylib
0x0000000160340000 	cl_kernels
0x0000000161486000 	/System/Library/Frameworks/OpenCL.framework/Versions/A/Libraries/ImageFormats/unorm8_bgra.dylib
0x0000000160346000 	cl_kernels
0x0000000002ca3000 	/System/Library/PrivateFrameworks/FinderKit.framework/Versions/A/FinderKit
0x0000000002ca3000 	/System/Library/PrivateFrameworks/Suggestions.framework/Versions/A/Suggestions
0x0000000002ca3000 	/System/Library/Frameworks/Quartz.framework/Versions/A/Frameworks/QuickLookUI.framework/Versions/A/QuickLookUI
0x0000000002ca3000 	/System/Library/Frameworks/Quartz.framework/Versions/A/Frameworks/ImageKit.framework/Versions/A/ImageKit
0x0000000002ca3000 	/System/Library/PrivateFrameworks/AppleSystemInfo.framework/Versions/A/AppleSystemInfo
0x0000000002ca3000 	/System/Library/Frameworks/QuickLook.framework/Versions/A/QuickLook
0x0000000002ca3000 	/System/Library/Frameworks/AddressBook.framework/Versions/A/AddressBook
0x0000000002ca3000 	/System/Library/Frameworks/DirectoryService.framework/Versions/A/DirectoryService
0x0000000002ca3000 	/System/Library/Frameworks/SecurityInterface.framework/Versions/A/SecurityInterface
0x0000000002ca3000 	/System/Library/PrivateFrameworks/PhoneNumbers.framework/Versions/A/PhoneNumbers
0x0000000002ca3000 	/System/Library/Frameworks/Quartz.framework/Versions/A/Quartz
0x0000000002ca3000 	/System/Library/PrivateFrameworks/InternetAccounts.framework/Versions/A/InternetAccounts
0x0000000002ca3000 	/System/Library/Frameworks/Quartz.framework/Versions/A/Frameworks/QuartzComposer.framework/Versions/A/QuartzComposer
0x0000000002ca3000 	/System/Library/Frameworks/Quartz.framework/Versions/A/Frameworks/PDFKit.framework/Versions/A/PDFKit
0x0000000002ca3000 	/System/Library/Frameworks/Quartz.framework/Versions/A/Frameworks/QuartzFilters.framework/Versions/A/QuartzFilters
0x0000000002ca3000 	/System/Library/Frameworks/JavaScriptCore.framework/Versions/A/JavaScriptCore
0x0000000002ca3000 	/System/Library/Frameworks/QTKit.framework/Versions/A/QTKit
0x0000000002ca3000 	/System/Library/Frameworks/CoreMedia.framework/Versions/A/CoreMedia
0x0000000002ca3000 	/System/Library/Frameworks/MediaToolbox.framework/Versions/A/MediaToolbox
0x0000000002ca3000 	/System/Library/Frameworks/VideoToolbox.framework/Versions/A/VideoToolbox
0x0000000002ca3000 	/System/Library/PrivateFrameworks/CoreMediaAuthoring.framework/Versions/A/CoreMediaAuthoring
0x0000000002ca3000 	/System/Library/Frameworks/CoreMediaIO.framework/Versions/A/CoreMediaIO
0x0000000002ca3000 	/System/Library/PrivateFrameworks/MediaControlSender.framework/Versions/A/MediaControlSender
0x0000000002ca3000 	/System/Library/PrivateFrameworks/CoreAVCHD.framework/Versions/A/CoreAVCHD
0x0000000002ca3000 	/System/Library/PrivateFrameworks/CoreAUC.framework/Versions/A/CoreAUC
0x0000000002ca3000 	/System/Library/PrivateFrameworks/Apple80211.framework/Versions/A/Apple80211
0x0000000002ca3000 	/System/Library/Frameworks/CoreWLAN.framework/Versions/A/CoreWLAN
0x0000000002ca3000 	/System/Library/Frameworks/CoreWiFi.framework/Versions/A/CoreWiFi
0x0000000002ca3000 	/System/Library/PrivateFrameworks/AppleVA.framework/Versions/A/AppleVA
0x0000000002ca3000 	/System/Library/PrivateFrameworks/CorePDF.framework/Versions/A/CorePDF
0x0000000002ca3000 	/System/Library/PrivateFrameworks/DisplayServices.framework/Versions/A/DisplayServices
0x0000000002ca3000 	/System/Library/Frameworks/ImageCaptureCore.framework/Versions/A/ImageCaptureCore
0x0000000002ca3000 	/System/Library/Frameworks/PreferencePanes.framework/Versions/A/PreferencePanes
0x0000000002ca3000 	/System/Library/PrivateFrameworks/AOSKit.framework/Versions/A/AOSKit
0x0000000002ca3000 	/System/Library/PrivateFrameworks/AOSMigrate.framework/Versions/A/AOSMigrate
0x0000000002ca3000 	/System/Library/PrivateFrameworks/ISSupport.framework/Versions/A/ISSupport
0x0000000002ca3000 	/System/Library/PrivateFrameworks/ApplePushService.framework/Versions/A/ApplePushService
0x000000015b156000 	cl_kernels
0x000000015b194000 	cl_kernels
0x0000000164fc8000 	/System/Library/Frameworks/OpenCL.framework/Versions/A/Libraries/ImageFormats/unorm8_argb.dylib
0x000000015e174000 	/System/Library/Frameworks/Security.framework/PlugIns/csparser.bundle/Contents/MacOS/csparser
0x000000015e0f2000 	/Library/Java/JavaVirtualMachines/jdk1.7.0_17.jdk/Contents/Home/jre/lib/libnio.dylib
0x000000015e2ee000 	/Library/Java/JavaVirtualMachines/jdk1.7.0_17.jdk/Contents/Home/jre/lib/./libnet.dylib
0x0000000002ca3000 	/System/Library/Frameworks/ApplicationServices.framework/Versions/A/Frameworks/CoreGraphics.framework/Versions/A/Resources/libCGXCoreImage.A.dylib
0x000000015b0f1000 	cl_kernels
0x0000000002ca3000 	/System/Library/PrivateFrameworks/Shortcut.framework/Versions/A/Shortcut
0x0000000002ca3000 	/System/Library/PrivateFrameworks/HelpData.framework/Versions/A/HelpData
0x0000000002ca3000 	/usr/lib/libtidy.A.dylib

VM Arguments:
jvm_args: -Dfile.encoding=UTF-8 
java_command: com.javafx.main.Main
Launcher Type: SUN_STANDARD

Environment Variables:
PATH=/usr/bin:/bin:/usr/sbin:/sbin
LD_LIBRARY_PATH=/Library/Java/JavaVirtualMachines/jdk1.7.0_17.jdk/Contents/Home/jre/lib/amd64:/Library/Java/JavaVirtualMachines/jdk1.7.0_17.jdk/Contents/Home/jre/lib/i386:
SHELL=/bin/bash
DISPLAY=/tmp/launch-kDS0QC/org.macosforge.xquartz:0

Signal Handlers:
SIGSEGV: [libjvm.dylib+0x4a361d], sa_mask[0]=0xfffefeff, sa_flags=0x00000042
SIGBUS: [libjvm.dylib+0x4a361d], sa_mask[0]=0xfffefeff, sa_flags=0x00000042
SIGFPE: [libjvm.dylib+0x3b302d], sa_mask[0]=0xfffefeff, sa_flags=0x00000042
SIGPIPE: [libjvm.dylib+0x3b302d], sa_mask[0]=0xfffefeff, sa_flags=0x00000042
SIGXFSZ: [libjvm.dylib+0x3b302d], sa_mask[0]=0xfffefeff, sa_flags=0x00000042
SIGILL: [libjvm.dylib+0x3b302d], sa_mask[0]=0xfffefeff, sa_flags=0x00000042
SIGUSR1: SIG_DFL, sa_mask[0]=0x63807efb, sa_flags=0x00000000
SIGUSR2: [libjvm.dylib+0x3b2bc6], sa_mask[0]=0x00000004, sa_flags=0x00000042
SIGHUP: [libjvm.dylib+0x3b0e27], sa_mask[0]=0xfffefeff, sa_flags=0x00000042
SIGINT: SIG_IGN, sa_mask[0]=0x00000000, sa_flags=0x00000000
SIGTERM: [libjvm.dylib+0x3b0e27], sa_mask[0]=0xfffefeff, sa_flags=0x00000042
SIGQUIT: [libjvm.dylib+0x3b0e27], sa_mask[0]=0xfffefeff, sa_flags=0x00000042


---------------  S Y S T E M  ---------------

OS:Bsduname:Darwin 12.2.1 Darwin Kernel Version 12.2.1: Thu Oct 18 16:32:48 PDT 2012; root:xnu-2050.20.9~2/RELEASE_X86_64 x86_64
rlimit: STACK 8192k, CORE 0k, NPROC 709, NOFILE 10240, AS infinity
load average:1.93 1.57 1.49

CPU:total 4 (2 cores per cpu, 2 threads per core) family 6 model 58 stepping 9, cmov, cx8, fxsr, mmx, sse, sse2, sse3, ssse3, sse4.1, sse4.2, popcnt, avx, ht, tsc, tscinvbit, tscinv

Memory: 4k page, physical 4855476k(1213869k free)

/proc/meminfo:


vm_info: Java HotSpot(TM) 64-Bit Server VM (23.7-b01) for bsd-amd64 JRE (1.7.0_17-b02), built on Mar  1 2013 06:41:23 by "java_re" with gcc 4.2.1 (Based on Apple Inc. build 5658) (LLVM build 2336.11.00)

time: Wed Apr  3 01:25:36 2013
elapsed time: 62 seconds

